This is XeTeX, Version 3.14159265-2.6-0.99998 (TeX Live 2017/Debian) (preloaded format=xelatex 2020.6.7)  14 JAN 2022 23:58
entering extended mode
 restricted \write18 enabled.
 %&-line parsing enabled.
**sample.tex
(./sample.tex
LaTeX2e <2017-04-15>
Babel <3.18> and hyphenation patterns for 84 language(s) loaded.
(/usr/share/texlive/texmf-dist/tex/latex/base/report.cls
Document Class: report 2014/09/29 v1.4h Standard LaTeX document class
(/usr/share/texlive/texmf-dist/tex/latex/base/size12.clo
File: size12.clo 2014/09/29 v1.4h Standard LaTeX file (size option)
)
\c@part=\count79
\c@chapter=\count80
\c@section=\count81
\c@subsection=\count82
\c@subsubsection=\count83
\c@paragraph=\count84
\c@subparagraph=\count85
\c@figure=\count86
\c@table=\count87
\abovecaptionskip=\skip41
\belowcaptionskip=\skip42
\bibindent=\dimen102
)
(/usr/share/texlive/texmf-dist/tex/latex/tocbibind/tocbibind.sty
Package: tocbibind 2010/10/13 v1.5k extra ToC listings
Package tocbibind Info: The document has chapter divisions on input line 50.


Package tocbibind Note: Using chapter style headings, unless overridden.

) (/usr/share/texlive/texmf-dist/tex/latex/hyperref/hyperref.sty
Package: hyperref 2018/02/06 v6.86b Hypertext links for LaTeX

(/usr/share/texlive/texmf-dist/tex/generic/oberdiek/hobsub-hyperref.sty
Package: hobsub-hyperref 2016/05/16 v1.14 Bundle oberdiek, subset hyperref (HO)


(/usr/share/texlive/texmf-dist/tex/generic/oberdiek/hobsub-generic.sty
Package: hobsub-generic 2016/05/16 v1.14 Bundle oberdiek, subset generic (HO)
Package: hobsub 2016/05/16 v1.14 Construct package bundles (HO)
Package: infwarerr 2016/05/16 v1.4 Providing info/warning/error messages (HO)
Package: ltxcmds 2016/05/16 v1.23 LaTeX kernel commands for general use (HO)
Package: ifluatex 2016/05/16 v1.4 Provides the ifluatex switch (HO)
Package ifluatex Info: LuaTeX not detected.
Package: ifvtex 2016/05/16 v1.6 Detect VTeX and its facilities (HO)
Package ifvtex Info: VTeX not detected.
Package: intcalc 2016/05/16 v1.2 Expandable calculations with integers (HO)
Package: ifpdf 2017/03/15 v3.2 Provides the ifpdf switch
Package: etexcmds 2016/05/16 v1.6 Avoid name clashes with e-TeX commands (HO)
Package etexcmds Info: Could not find \expanded.
(etexcmds)             That can mean that you are not using pdfTeX 1.50 or
(etexcmds)             that some package has redefined \expanded.
(etexcmds)             In the latter case, load this package earlier.
Package: kvsetkeys 2016/05/16 v1.17 Key value parser (HO)
Package: kvdefinekeys 2016/05/16 v1.4 Define keys (HO)
Package: pdftexcmds 2018/01/21 v0.26 Utility functions of pdfTeX for LuaTeX (HO
)
Package pdftexcmds Info: LuaTeX not detected.
Package pdftexcmds Info: pdfTeX >= 1.30 not detected.
Package pdftexcmds Info: \pdf@primitive is available.
Package pdftexcmds Info: \pdf@ifprimitive is available.
Package pdftexcmds Info: \pdfdraftmode not found.
Package: pdfescape 2016/05/16 v1.14 Implements pdfTeX's escape features (HO)
Package: bigintcalc 2016/05/16 v1.4 Expandable calculations on big integers (HO
)
Package: bitset 2016/05/16 v1.2 Handle bit-vector datatype (HO)
Package: uniquecounter 2016/05/16 v1.3 Provide unlimited unique counter (HO)
)
Package hobsub Info: Skipping package `hobsub' (already loaded).
Package: letltxmacro 2016/05/16 v1.5 Let assignment for LaTeX macros (HO)
Package: hopatch 2016/05/16 v1.3 Wrapper for package hooks (HO)
Package: xcolor-patch 2016/05/16 xcolor patch
Package: atveryend 2016/05/16 v1.9 Hooks at the very end of document (HO)
Package atveryend Info: \enddocument detected (standard20110627).
Package: atbegshi 2016/06/09 v1.18 At begin shipout hook (HO)
Package: refcount 2016/05/16 v3.5 Data extraction from label references (HO)
Package: hycolor 2016/05/16 v1.8 Color options for hyperref/bookmark (HO)
)
(/usr/share/texlive/texmf-dist/tex/latex/graphics/keyval.sty
Package: keyval 2014/10/28 v1.15 key=value parser (DPC)
\KV@toks@=\toks14
)
(/usr/share/texlive/texmf-dist/tex/generic/ifxetex/ifxetex.sty
Package: ifxetex 2010/09/12 v0.6 Provides ifxetex conditional
)
(/usr/share/texlive/texmf-dist/tex/latex/oberdiek/auxhook.sty
Package: auxhook 2016/05/16 v1.4 Hooks for auxiliary files (HO)
)
(/usr/share/texlive/texmf-dist/tex/latex/oberdiek/kvoptions.sty
Package: kvoptions 2016/05/16 v3.12 Key value format for package options (HO)
)
\@linkdim=\dimen103
\Hy@linkcounter=\count88
\Hy@pagecounter=\count89

(/usr/share/texlive/texmf-dist/tex/latex/hyperref/pd1enc.def
File: pd1enc.def 2018/02/06 v6.86b Hyperref: PDFDocEncoding definition (HO)
)
\Hy@SavedSpaceFactor=\count90

(/usr/share/texlive/texmf-dist/tex/latex/latexconfig/hyperref.cfg
File: hyperref.cfg 2002/06/06 v1.2 hyperref configuration of TeXLive
)
Package hyperref Info: Hyper figures OFF on input line 4509.
Package hyperref Info: Link nesting OFF on input line 4514.
Package hyperref Info: Hyper index ON on input line 4517.
Package hyperref Info: Plain pages OFF on input line 4524.
Package hyperref Info: Backreferencing OFF on input line 4529.
Package hyperref Info: Implicit mode ON; LaTeX internals redefined.
Package hyperref Info: Bookmarks ON on input line 4762.
\c@Hy@tempcnt=\count91

(/usr/share/texlive/texmf-dist/tex/latex/url/url.sty
\Urlmuskip=\muskip10
Package: url 2013/09/16  ver 3.4  Verb mode for urls, etc.
)
LaTeX Info: Redefining \url on input line 5115.
\XeTeXLinkMargin=\dimen104
\Fld@menulength=\count92
\Field@Width=\dimen105
\Fld@charsize=\dimen106
Package hyperref Info: Hyper figures OFF on input line 6369.
Package hyperref Info: Link nesting OFF on input line 6374.
Package hyperref Info: Hyper index ON on input line 6377.
Package hyperref Info: backreferencing OFF on input line 6384.
Package hyperref Info: Link coloring OFF on input line 6389.
Package hyperref Info: Link coloring with OCG OFF on input line 6394.
Package hyperref Info: PDF/A mode OFF on input line 6399.
LaTeX Info: Redefining \ref on input line 6439.
LaTeX Info: Redefining \pageref on input line 6443.
\Hy@abspage=\count93
\c@Item=\count94
\c@Hfootnote=\count95
)
Package hyperref Info: Driver (autodetected): hxetex.

(/usr/share/texlive/texmf-dist/tex/latex/hyperref/hxetex.def
File: hxetex.def 2018/02/06 v6.86b Hyperref driver for XeTeX

(/usr/share/texlive/texmf-dist/tex/latex/hyperref/puenc.def
File: puenc.def 2018/02/06 v6.86b Hyperref: PDF Unicode definition (HO)
)
(/usr/share/texlive/texmf-dist/tex/generic/oberdiek/stringenc.sty
Package: stringenc 2016/05/16 v1.11 Convert strings between diff. encodings (HO
)
)
\pdfm@box=\box26
\c@Hy@AnnotLevel=\count96
\HyField@AnnotCount=\count97
\Fld@listcount=\count98
\c@bookmark@seq@number=\count99

(/usr/share/texlive/texmf-dist/tex/latex/oberdiek/rerunfilecheck.sty
Package: rerunfilecheck 2016/05/16 v1.8 Rerun checks for auxiliary files (HO)
Package rerunfilecheck Info: Feature \pdfmdfivesum is not available
(rerunfilecheck)             (e.g. pdfTeX or LuaTeX with package `pdftexcmds').

(rerunfilecheck)             Therefore file contents cannot be checked efficien
tly
(rerunfilecheck)             and the loading of the package is aborted.
)
\Hy@SectionHShift=\skip43
)
(/usr/share/texlive/texmf-dist/tex/latex/geometry/geometry.sty
Package: geometry 2010/09/12 v5.6 Page Geometry
\Gm@cnth=\count100
\Gm@cntv=\count101
\c@Gm@tempcnt=\count102
\Gm@bindingoffset=\dimen107
\Gm@wd@mp=\dimen108
\Gm@odd@mp=\dimen109
\Gm@even@mp=\dimen110
\Gm@layoutwidth=\dimen111
\Gm@layoutheight=\dimen112
\Gm@layouthoffset=\dimen113
\Gm@layoutvoffset=\dimen114
\Gm@dimlist=\toks15
)
(/usr/share/texlive/texmf-dist/tex/latex/graphics/graphicx.sty
Package: graphicx 2017/06/01 v1.1a Enhanced LaTeX Graphics (DPC,SPQR)

(/usr/share/texlive/texmf-dist/tex/latex/graphics/graphics.sty
Package: graphics 2017/06/25 v1.2c Standard LaTeX Graphics (DPC,SPQR)

(/usr/share/texlive/texmf-dist/tex/latex/graphics/trig.sty
Package: trig 2016/01/03 v1.10 sin cos tan (DPC)
)
(/usr/share/texlive/texmf-dist/tex/latex/graphics-cfg/graphics.cfg
File: graphics.cfg 2016/06/04 v1.11 sample graphics configuration
)
Package graphics Info: Driver file: xetex.def on input line 99.

(/usr/share/texlive/texmf-dist/tex/latex/graphics-def/xetex.def
File: xetex.def 2017/06/24 v5.0h Graphics/color driver for xetex
))
\Gin@req@height=\dimen115
\Gin@req@width=\dimen116
)
(/usr/share/texlive/texmf-dist/tex/latex/amsmath/amsmath.sty
Package: amsmath 2017/09/02 v2.17a AMS math features
\@mathmargin=\skip44

For additional information on amsmath, use the `?' option.
(/usr/share/texlive/texmf-dist/tex/latex/amsmath/amstext.sty
Package: amstext 2000/06/29 v2.01 AMS text

(/usr/share/texlive/texmf-dist/tex/latex/amsmath/amsgen.sty
File: amsgen.sty 1999/11/30 v2.0 generic functions
\@emptytoks=\toks16
\ex@=\dimen117
))
(/usr/share/texlive/texmf-dist/tex/latex/amsmath/amsbsy.sty
Package: amsbsy 1999/11/29 v1.2d Bold Symbols
\pmbraise@=\dimen118
)
(/usr/share/texlive/texmf-dist/tex/latex/amsmath/amsopn.sty
Package: amsopn 2016/03/08 v2.02 operator names
)
\inf@bad=\count103
LaTeX Info: Redefining \frac on input line 213.
\uproot@=\count104
\leftroot@=\count105
LaTeX Info: Redefining \overline on input line 375.
\classnum@=\count106
\DOTSCASE@=\count107
LaTeX Info: Redefining \ldots on input line 472.
LaTeX Info: Redefining \dots on input line 475.
LaTeX Info: Redefining \cdots on input line 596.
\Mathstrutbox@=\box27
\strutbox@=\box28
\big@size=\dimen119
LaTeX Font Info:    Redeclaring font encoding OML on input line 712.
LaTeX Font Info:    Redeclaring font encoding OMS on input line 713.
\macc@depth=\count108
\c@MaxMatrixCols=\count109
\dotsspace@=\muskip11
\c@parentequation=\count110
\dspbrk@lvl=\count111
\tag@help=\toks17
\row@=\count112
\column@=\count113
\maxfields@=\count114
\andhelp@=\toks18
\eqnshift@=\dimen120
\alignsep@=\dimen121
\tagshift@=\dimen122
\tagwidth@=\dimen123
\totwidth@=\dimen124
\lineht@=\dimen125
\@envbody=\toks19
\multlinegap=\skip45
\multlinetaggap=\skip46
\mathdisplay@stack=\toks20
LaTeX Info: Redefining \[ on input line 2817.
LaTeX Info: Redefining \] on input line 2818.
)
(/usr/share/texlive/texmf-dist/tex/latex/amsfonts/amssymb.sty
Package: amssymb 2013/01/14 v3.01 AMS font symbols

(/usr/share/texlive/texmf-dist/tex/latex/amsfonts/amsfonts.sty
Package: amsfonts 2013/01/14 v3.01 Basic AMSFonts support
\symAMSa=\mathgroup4
\symAMSb=\mathgroup5
LaTeX Font Info:    Overwriting math alphabet `\mathfrak' in version `bold'
(Font)                  U/euf/m/n --> U/euf/b/n on input line 106.
))
(/usr/share/texlive/texmf-dist/tex/latex/base/inputenc.sty
Package: inputenc 2015/03/17 v1.2c Input encoding file
\inpenc@prehook=\toks21
\inpenc@posthook=\toks22
)
(/usr/share/texlive/texmf-dist/tex/latex/float/float.sty
Package: float 2001/11/08 v1.3d Float enhancements (AL)
\c@float@type=\count115
\float@exts=\toks23
\float@box=\box29
\@float@everytoks=\toks24
\@floatcapt=\box30
)
(/usr/share/texlive/texmf-dist/tex/latex/setspace/setspace.sty
Package: setspace 2011/12/19 v6.7a set line spacing
)
(/usr/share/texlive/texmf-dist/tex/latex/multirow/multirow.sty
Package: multirow 2016/11/25 v2.2 Span multiple rows of a table
\multirow@colwidth=\skip47
\multirow@cntb=\count116
\multirow@dima=\skip48
\bigstrutjot=\dimen126
)
(/usr/share/texlive/texmf-dist/tex/latex/adjustbox/adjustbox.sty
Package: adjustbox 2012/05/21 v1.0 Adjusting TeX boxes (trim, clip, ...)

(/usr/share/texlive/texmf-dist/tex/latex/xkeyval/xkeyval.sty
Package: xkeyval 2014/12/03 v2.7a package option processing (HA)

(/usr/share/texlive/texmf-dist/tex/generic/xkeyval/xkeyval.tex
(/usr/share/texlive/texmf-dist/tex/generic/xkeyval/xkvutils.tex
\XKV@toks=\toks25
\XKV@tempa@toks=\toks26
)
\XKV@depth=\count117
File: xkeyval.tex 2014/12/03 v2.7a key=value parser (HA)
))
(/usr/share/texlive/texmf-dist/tex/latex/adjustbox/adjcalc.sty
Package: adjcalc 2012/05/16 v1.1 Provides advanced setlength with multiple back
-ends (calc, etex, pgfmath)
)
(/usr/share/texlive/texmf-dist/tex/latex/adjustbox/trimclip.sty
Package: trimclip 2012/05/16 v1.0 Trim and clip general TeX material

(/usr/share/texlive/texmf-dist/tex/latex/collectbox/collectbox.sty
Package: collectbox 2012/05/17 v0.4b Collect macro arguments as boxes
\collectedbox=\box31
)
\tc@llx=\dimen127
\tc@lly=\dimen128
\tc@urx=\dimen129
\tc@ury=\dimen130
Package trimclip Info: Using driver 'tc-xetex.def'.

(/usr/share/texlive/texmf-dist/tex/latex/adjustbox/tc-xetex.def
File: tc-xetex.def 2012/05/13 v1.0 Clipping driver for xetex
))
\adjbox@Width=\dimen131
\adjbox@Height=\dimen132
\adjbox@Depth=\dimen133
\adjbox@Totalheight=\dimen134

(/usr/share/texlive/texmf-dist/tex/latex/ifoddpage/ifoddpage.sty
Package: ifoddpage 2016/04/23 v1.1 Conditionals for odd/even page detection
\c@checkoddpage=\count118
)
(/usr/share/texlive/texmf-dist/tex/latex/varwidth/varwidth.sty
Package: varwidth 2009/03/30 ver 0.92;  Variable-width minipages
\@vwid@box=\box32
\sift@deathcycles=\count119
\@vwid@loff=\dimen135
\@vwid@roff=\dimen136
))
(/usr/share/texlive/texmf-dist/tex/latex/xcolor/xcolor.sty
Package: xcolor 2016/05/11 v2.12 LaTeX color extensions (UK)

(/usr/share/texlive/texmf-dist/tex/latex/graphics-cfg/color.cfg
File: color.cfg 2016/01/02 v1.6 sample color configuration
)
Package xcolor Info: Driver file: xetex.def on input line 225.
Package xcolor Info: Model `cmy' substituted by `cmy0' on input line 1348.
Package xcolor Info: Model `RGB' extended on input line 1364.
Package xcolor Info: Model `HTML' substituted by `rgb' on input line 1366.
Package xcolor Info: Model `Hsb' substituted by `hsb' on input line 1367.
Package xcolor Info: Model `tHsb' substituted by `hsb' on input line 1368.
Package xcolor Info: Model `HSB' substituted by `hsb' on input line 1369.
Package xcolor Info: Model `Gray' substituted by `gray' on input line 1370.
Package xcolor Info: Model `wave' substituted by `hsb' on input line 1371.
)
(/usr/share/texlive/texmf-dist/tex/latex/mathtools/mathtools.sty
Package: mathtools 2018/01/08 v1.21 mathematical typesetting tools

(/usr/share/texlive/texmf-dist/tex/latex/tools/calc.sty
Package: calc 2014/10/28 v4.3 Infix arithmetic (KKT,FJ)
\calc@Acount=\count120
\calc@Bcount=\count121
\calc@Adimen=\dimen137
\calc@Bdimen=\dimen138
\calc@Askip=\skip49
\calc@Bskip=\skip50
LaTeX Info: Redefining \setlength on input line 80.
LaTeX Info: Redefining \addtolength on input line 81.
\calc@Ccount=\count122
\calc@Cskip=\skip51
)
(/usr/share/texlive/texmf-dist/tex/latex/mathtools/mhsetup.sty
Package: mhsetup 2017/03/31 v1.3 programming setup (MH)
)
LaTeX Info: Thecontrolsequence`\('isalreadyrobust on input line 129.
LaTeX Info: Thecontrolsequence`\)'isalreadyrobust on input line 129.
LaTeX Info: Thecontrolsequence`\['isalreadyrobust on input line 129.
LaTeX Info: Thecontrolsequence`\]'isalreadyrobust on input line 129.
\g_MT_multlinerow_int=\count123
\l_MT_multwidth_dim=\dimen139
\origjot=\skip52
\l_MT_shortvdotswithinadjustabove_dim=\dimen140
\l_MT_shortvdotswithinadjustbelow_dim=\dimen141
\l_MT_above_intertext_sep=\dimen142
\l_MT_below_intertext_sep=\dimen143
\l_MT_above_shortintertext_sep=\dimen144
\l_MT_below_shortintertext_sep=\dimen145
)
(/usr/share/texlive/texmf-dist/tex/latex/tools/enumerate.sty
Package: enumerate 2015/07/23 v3.00 enumerate extensions (DPC)
\@enLab=\toks27
)
(/usr/share/texlive/texmf-dist/tex/latex/pdfpages/pdfpages.sty
Package: pdfpages 2017/10/31 v0.5l Insert pages of external PDF documents (AM)

(/usr/share/texlive/texmf-dist/tex/latex/base/ifthen.sty
Package: ifthen 2014/09/29 v1.1c Standard LaTeX ifthen package (DPC)
)
(/usr/share/texlive/texmf-dist/tex/latex/eso-pic/eso-pic.sty
Package: eso-pic 2015/07/21 v2.0g eso-pic (RN)
)
\AM@pagewidth=\dimen146
\AM@pageheight=\dimen147

(/usr/share/texlive/texmf-dist/tex/latex/pdfpages/ppxetex.def
File: ppxetex.def 2017/10/31 v0.5l Pdfpages driver for XeTeX (AM)
)
\AM@pagebox=\box33
\AM@global@opts=\toks28
\AM@toc@title=\toks29
\c@AM@survey=\count124
\AM@templatesizebox=\box34
)
(/usr/share/texlive/texmf-dist/tex/latex/pgf/frontendlayer/tikz.sty
(/usr/share/texlive/texmf-dist/tex/latex/pgf/basiclayer/pgf.sty
(/usr/share/texlive/texmf-dist/tex/latex/pgf/utilities/pgfrcs.sty
(/usr/share/texlive/texmf-dist/tex/generic/pgf/utilities/pgfutil-common.tex
\pgfutil@everybye=\toks30
\pgfutil@tempdima=\dimen148
\pgfutil@tempdimb=\dimen149

(/usr/share/texlive/texmf-dist/tex/generic/pgf/utilities/pgfutil-common-lists.t
ex)) (/usr/share/texlive/texmf-dist/tex/generic/pgf/utilities/pgfutil-latex.def
\pgfutil@abb=\box35
(/usr/share/texlive/texmf-dist/tex/latex/ms/everyshi.sty
Package: everyshi 2001/05/15 v3.00 EveryShipout Package (MS)
))
(/usr/share/texlive/texmf-dist/tex/generic/pgf/utilities/pgfrcs.code.tex
Package: pgfrcs 2015/08/07 v3.0.1a (rcs-revision 1.31)
))
Package: pgf 2015/08/07 v3.0.1a (rcs-revision 1.15)

(/usr/share/texlive/texmf-dist/tex/latex/pgf/basiclayer/pgfcore.sty
(/usr/share/texlive/texmf-dist/tex/latex/pgf/systemlayer/pgfsys.sty
(/usr/share/texlive/texmf-dist/tex/generic/pgf/systemlayer/pgfsys.code.tex
Package: pgfsys 2014/07/09 v3.0.1a (rcs-revision 1.48)

(/usr/share/texlive/texmf-dist/tex/generic/pgf/utilities/pgfkeys.code.tex
\pgfkeys@pathtoks=\toks31
\pgfkeys@temptoks=\toks32

(/usr/share/texlive/texmf-dist/tex/generic/pgf/utilities/pgfkeysfiltered.code.t
ex
\pgfkeys@tmptoks=\toks33
))
\pgf@x=\dimen150
\pgf@y=\dimen151
\pgf@xa=\dimen152
\pgf@ya=\dimen153
\pgf@xb=\dimen154
\pgf@yb=\dimen155
\pgf@xc=\dimen156
\pgf@yc=\dimen157
\w@pgf@writea=\write3
\r@pgf@reada=\read1
\c@pgf@counta=\count125
\c@pgf@countb=\count126
\c@pgf@countc=\count127
\c@pgf@countd=\count128
\t@pgf@toka=\toks34
\t@pgf@tokb=\toks35
\t@pgf@tokc=\toks36
 (/usr/share/texlive/texmf-dist/tex/generic/pgf/systemlayer/pgf.cfg
File: pgf.cfg 2008/05/14  (rcs-revision 1.7)
)
Driver file for pgf: pgfsys-xetex.def

(/usr/share/texlive/texmf-dist/tex/generic/pgf/systemlayer/pgfsys-xetex.def
File: pgfsys-xetex.def 2014/07/09  (rcs-revision 1.11)

(/usr/share/texlive/texmf-dist/tex/generic/pgf/systemlayer/pgfsys-dvipdfmx.def
File: pgfsys-dvipdfmx.def 2014/07/09  (rcs-revision 1.14)

(/usr/share/texlive/texmf-dist/tex/generic/pgf/systemlayer/pgfsys-common-pdf.de
f
File: pgfsys-common-pdf.def 2013/10/10  (rcs-revision 1.13)
)
\pgfsys@objnum=\count129
)))
(/usr/share/texlive/texmf-dist/tex/generic/pgf/systemlayer/pgfsyssoftpath.code.
tex
File: pgfsyssoftpath.code.tex 2013/09/09  (rcs-revision 1.9)
\pgfsyssoftpath@smallbuffer@items=\count130
\pgfsyssoftpath@bigbuffer@items=\count131
)
(/usr/share/texlive/texmf-dist/tex/generic/pgf/systemlayer/pgfsysprotocol.code.
tex
File: pgfsysprotocol.code.tex 2006/10/16  (rcs-revision 1.4)
))
(/usr/share/texlive/texmf-dist/tex/generic/pgf/basiclayer/pgfcore.code.tex
Package: pgfcore 2010/04/11 v3.0.1a (rcs-revision 1.7)

(/usr/share/texlive/texmf-dist/tex/generic/pgf/math/pgfmath.code.tex
(/usr/share/texlive/texmf-dist/tex/generic/pgf/math/pgfmathcalc.code.tex
(/usr/share/texlive/texmf-dist/tex/generic/pgf/math/pgfmathutil.code.tex)
(/usr/share/texlive/texmf-dist/tex/generic/pgf/math/pgfmathparser.code.tex
\pgfmath@dimen=\dimen158
\pgfmath@count=\count132
\pgfmath@box=\box36
\pgfmath@toks=\toks37
\pgfmath@stack@operand=\toks38
\pgfmath@stack@operation=\toks39
)
(/usr/share/texlive/texmf-dist/tex/generic/pgf/math/pgfmathfunctions.code.tex
(/usr/share/texlive/texmf-dist/tex/generic/pgf/math/pgfmathfunctions.basic.code
.tex)
(/usr/share/texlive/texmf-dist/tex/generic/pgf/math/pgfmathfunctions.trigonomet
ric.code.tex)
(/usr/share/texlive/texmf-dist/tex/generic/pgf/math/pgfmathfunctions.random.cod
e.tex)
(/usr/share/texlive/texmf-dist/tex/generic/pgf/math/pgfmathfunctions.comparison
.code.tex)
(/usr/share/texlive/texmf-dist/tex/generic/pgf/math/pgfmathfunctions.base.code.
tex)
(/usr/share/texlive/texmf-dist/tex/generic/pgf/math/pgfmathfunctions.round.code
.tex)
(/usr/share/texlive/texmf-dist/tex/generic/pgf/math/pgfmathfunctions.misc.code.
tex)
(/usr/share/texlive/texmf-dist/tex/generic/pgf/math/pgfmathfunctions.integerari
thmetics.code.tex)))
(/usr/share/texlive/texmf-dist/tex/generic/pgf/math/pgfmathfloat.code.tex
\c@pgfmathroundto@lastzeros=\count133
))
(/usr/share/texlive/texmf-dist/tex/generic/pgf/basiclayer/pgfcorepoints.code.te
x
File: pgfcorepoints.code.tex 2013/10/07  (rcs-revision 1.27)
\pgf@picminx=\dimen159
\pgf@picmaxx=\dimen160
\pgf@picminy=\dimen161
\pgf@picmaxy=\dimen162
\pgf@pathminx=\dimen163
\pgf@pathmaxx=\dimen164
\pgf@pathminy=\dimen165
\pgf@pathmaxy=\dimen166
\pgf@xx=\dimen167
\pgf@xy=\dimen168
\pgf@yx=\dimen169
\pgf@yy=\dimen170
\pgf@zx=\dimen171
\pgf@zy=\dimen172
)
(/usr/share/texlive/texmf-dist/tex/generic/pgf/basiclayer/pgfcorepathconstruct.
code.tex
File: pgfcorepathconstruct.code.tex 2013/10/07  (rcs-revision 1.29)
\pgf@path@lastx=\dimen173
\pgf@path@lasty=\dimen174
)
(/usr/share/texlive/texmf-dist/tex/generic/pgf/basiclayer/pgfcorepathusage.code
.tex
File: pgfcorepathusage.code.tex 2014/11/02  (rcs-revision 1.24)
\pgf@shorten@end@additional=\dimen175
\pgf@shorten@start@additional=\dimen176
)
(/usr/share/texlive/texmf-dist/tex/generic/pgf/basiclayer/pgfcorescopes.code.te
x
File: pgfcorescopes.code.tex 2015/05/08  (rcs-revision 1.46)
\pgfpic=\box37
\pgf@hbox=\box38
\pgf@layerbox@main=\box39
\pgf@picture@serial@count=\count134
)
(/usr/share/texlive/texmf-dist/tex/generic/pgf/basiclayer/pgfcoregraphicstate.c
ode.tex
File: pgfcoregraphicstate.code.tex 2014/11/02  (rcs-revision 1.12)
\pgflinewidth=\dimen177
)
(/usr/share/texlive/texmf-dist/tex/generic/pgf/basiclayer/pgfcoretransformation
s.code.tex
File: pgfcoretransformations.code.tex 2015/08/07  (rcs-revision 1.20)
\pgf@pt@x=\dimen178
\pgf@pt@y=\dimen179
\pgf@pt@temp=\dimen180
)
(/usr/share/texlive/texmf-dist/tex/generic/pgf/basiclayer/pgfcorequick.code.tex
File: pgfcorequick.code.tex 2008/10/09  (rcs-revision 1.3)
)
(/usr/share/texlive/texmf-dist/tex/generic/pgf/basiclayer/pgfcoreobjects.code.t
ex
File: pgfcoreobjects.code.tex 2006/10/11  (rcs-revision 1.2)
)
(/usr/share/texlive/texmf-dist/tex/generic/pgf/basiclayer/pgfcorepathprocessing
.code.tex
File: pgfcorepathprocessing.code.tex 2013/09/09  (rcs-revision 1.9)
)
(/usr/share/texlive/texmf-dist/tex/generic/pgf/basiclayer/pgfcorearrows.code.te
x
File: pgfcorearrows.code.tex 2015/05/14  (rcs-revision 1.43)
\pgfarrowsep=\dimen181
)
(/usr/share/texlive/texmf-dist/tex/generic/pgf/basiclayer/pgfcoreshade.code.tex
File: pgfcoreshade.code.tex 2013/07/15  (rcs-revision 1.15)
\pgf@max=\dimen182
\pgf@sys@shading@range@num=\count135
)
(/usr/share/texlive/texmf-dist/tex/generic/pgf/basiclayer/pgfcoreimage.code.tex
File: pgfcoreimage.code.tex 2013/07/15  (rcs-revision 1.18)

(/usr/share/texlive/texmf-dist/tex/generic/pgf/basiclayer/pgfcoreexternal.code.
tex
File: pgfcoreexternal.code.tex 2014/07/09  (rcs-revision 1.21)
\pgfexternal@startupbox=\box40
))
(/usr/share/texlive/texmf-dist/tex/generic/pgf/basiclayer/pgfcorelayers.code.te
x
File: pgfcorelayers.code.tex 2013/07/18  (rcs-revision 1.7)
)
(/usr/share/texlive/texmf-dist/tex/generic/pgf/basiclayer/pgfcoretransparency.c
ode.tex
File: pgfcoretransparency.code.tex 2013/09/30  (rcs-revision 1.5)
)
(/usr/share/texlive/texmf-dist/tex/generic/pgf/basiclayer/pgfcorepatterns.code.
tex
File: pgfcorepatterns.code.tex 2013/11/07  (rcs-revision 1.5)
)))
(/usr/share/texlive/texmf-dist/tex/generic/pgf/modules/pgfmoduleshapes.code.tex
File: pgfmoduleshapes.code.tex 2014/03/21  (rcs-revision 1.35)
\pgfnodeparttextbox=\box41
) (/usr/share/texlive/texmf-dist/tex/generic/pgf/modules/pgfmoduleplot.code.tex
File: pgfmoduleplot.code.tex 2015/08/03  (rcs-revision 1.13)
)
(/usr/share/texlive/texmf-dist/tex/latex/pgf/compatibility/pgfcomp-version-0-65
.sty
Package: pgfcomp-version-0-65 2007/07/03 v3.0.1a (rcs-revision 1.7)
\pgf@nodesepstart=\dimen183
\pgf@nodesepend=\dimen184
)
(/usr/share/texlive/texmf-dist/tex/latex/pgf/compatibility/pgfcomp-version-1-18
.sty
Package: pgfcomp-version-1-18 2007/07/23 v3.0.1a (rcs-revision 1.1)
)) (/usr/share/texlive/texmf-dist/tex/latex/pgf/utilities/pgffor.sty
(/usr/share/texlive/texmf-dist/tex/latex/pgf/utilities/pgfkeys.sty
(/usr/share/texlive/texmf-dist/tex/generic/pgf/utilities/pgfkeys.code.tex))
(/usr/share/texlive/texmf-dist/tex/latex/pgf/math/pgfmath.sty
(/usr/share/texlive/texmf-dist/tex/generic/pgf/math/pgfmath.code.tex))
(/usr/share/texlive/texmf-dist/tex/generic/pgf/utilities/pgffor.code.tex
Package: pgffor 2013/12/13 v3.0.1a (rcs-revision 1.25)

(/usr/share/texlive/texmf-dist/tex/generic/pgf/math/pgfmath.code.tex)
\pgffor@iter=\dimen185
\pgffor@skip=\dimen186
\pgffor@stack=\toks40
\pgffor@toks=\toks41
))
(/usr/share/texlive/texmf-dist/tex/generic/pgf/frontendlayer/tikz/tikz.code.tex
Package: tikz 2015/08/07 v3.0.1a (rcs-revision 1.151)

(/usr/share/texlive/texmf-dist/tex/generic/pgf/libraries/pgflibraryplothandlers
.code.tex
File: pgflibraryplothandlers.code.tex 2013/08/31 v3.0.1a (rcs-revision 1.20)
\pgf@plot@mark@count=\count136
\pgfplotmarksize=\dimen187
)
\tikz@lastx=\dimen188
\tikz@lasty=\dimen189
\tikz@lastxsaved=\dimen190
\tikz@lastysaved=\dimen191
\tikzleveldistance=\dimen192
\tikzsiblingdistance=\dimen193
\tikz@figbox=\box42
\tikz@figbox@bg=\box43
\tikz@tempbox=\box44
\tikz@tempbox@bg=\box45
\tikztreelevel=\count137
\tikznumberofchildren=\count138
\tikznumberofcurrentchild=\count139
\tikz@fig@count=\count140

(/usr/share/texlive/texmf-dist/tex/generic/pgf/modules/pgfmodulematrix.code.tex
File: pgfmodulematrix.code.tex 2013/09/17  (rcs-revision 1.8)
\pgfmatrixcurrentrow=\count141
\pgfmatrixcurrentcolumn=\count142
\pgf@matrix@numberofcolumns=\count143
)
\tikz@expandcount=\count144

(/usr/share/texlive/texmf-dist/tex/generic/pgf/frontendlayer/tikz/libraries/tik
zlibrarytopaths.code.tex
File: tikzlibrarytopaths.code.tex 2008/06/17 v3.0.1a (rcs-revision 1.2)
)))
(/usr/share/texlive/texmf-dist/tex/latex/capt-of/capt-of.sty
Package: capt-of 2009/12/29 v0.2 standard captions outside of floats
)
(/usr/share/texlive/texmf-dist/tex/latex/multido/multido.sty
Package: multido 2004/05/17 package wrapper for PSTricks `multido.tex', (HV/RN)


(/usr/share/texlive/texmf-dist/tex/generic/multido/multido.tex
 v1.42, 2010/05/14 <tvz>
\multido@count=\count145
\multidocount=\count146
\multido@stuff=\toks42
)
File: multido.tex 2010/05/14 v1.42 `multido' (tvz,hv)
)
Package hyperref Info: Option `colorlinks' set `true' on input line 43.

(/usr/share/texlive/texmf-dist/tex/xelatex/xepersian/xepersian.sty
Package: xepersian 2018/01/28 v21.1 Persian typesetting in XeLaTeX

(/usr/share/texlive/texmf-dist/tex/latex/fontspec/fontspec.sty
(/usr/share/texlive/texmf-dist/tex/latex/l3packages/xparse/xparse.sty
(/usr/share/texlive/texmf-dist/tex/latex/l3kernel/expl3.sty
Package: expl3 2018/02/21 L3 programming layer (loader) 

(/usr/share/texlive/texmf-dist/tex/latex/l3kernel/expl3-code.tex
Package: expl3 2018/02/21 L3 programming layer (code)
\c_max_int=\count147
\l_tmpa_int=\count148
\l_tmpb_int=\count149
\g_tmpa_int=\count150
\g_tmpb_int=\count151
\g__intarray_font_int=\count152
\g__prg_map_int=\count153
\c_log_iow=\count154
\l_iow_line_count_int=\count155
\l__iow_line_target_int=\count156
\l__iow_one_indent_int=\count157
\l__iow_indent_int=\count158
\c_zero_dim=\dimen194
\c_max_dim=\dimen195
\l_tmpa_dim=\dimen196
\l_tmpb_dim=\dimen197
\g_tmpa_dim=\dimen198
\g_tmpb_dim=\dimen199
\c_zero_skip=\skip53
\c_max_skip=\skip54
\l_tmpa_skip=\skip55
\l_tmpb_skip=\skip56
\g_tmpa_skip=\skip57
\g_tmpb_skip=\skip58
\c_zero_muskip=\muskip12
\c_max_muskip=\muskip13
\l_tmpa_muskip=\muskip14
\l_tmpb_muskip=\muskip15
\g_tmpa_muskip=\muskip16
\g_tmpb_muskip=\muskip17
\l_keys_choice_int=\count159
\c__fp_leading_shift_int=\count160
\c__fp_middle_shift_int=\count161
\c__fp_trailing_shift_int=\count162
\c__fp_big_leading_shift_int=\count163
\c__fp_big_middle_shift_int=\count164
\c__fp_big_trailing_shift_int=\count165
\c__fp_Bigg_leading_shift_int=\count166
\c__fp_Bigg_middle_shift_int=\count167
\c__fp_Bigg_trailing_shift_int=\count168
\l__sort_length_int=\count169
\l__sort_min_int=\count170
\l__sort_top_int=\count171
\l__sort_max_int=\count172
\l__sort_true_max_int=\count173
\l__sort_block_int=\count174
\l__sort_begin_int=\count175
\l__sort_end_int=\count176
\l__sort_A_int=\count177
\l__sort_B_int=\count178
\l__sort_C_int=\count179
\l__tl_build_start_index_int=\count180
\l__tl_build_index_int=\count181
\l__tl_analysis_normal_int=\count182
\l__tl_analysis_index_int=\count183
\l__tl_analysis_nesting_int=\count184
\l__tl_analysis_type_int=\count185
\l__regex_internal_a_int=\count186
\l__regex_internal_b_int=\count187
\l__regex_internal_c_int=\count188
\l__regex_balance_int=\count189
\l__regex_group_level_int=\count190
\l__regex_mode_int=\count191
\c__regex_cs_in_class_mode_int=\count192
\c__regex_cs_mode_int=\count193
\l__regex_catcodes_int=\count194
\l__regex_default_catcodes_int=\count195
\c__regex_catcode_L_int=\count196
\c__regex_catcode_O_int=\count197
\c__regex_catcode_A_int=\count198
\c__regex_all_catcodes_int=\count199
\l__regex_show_lines_int=\count266
\l__regex_min_state_int=\count267
\l__regex_max_state_int=\count268
\l__regex_left_state_int=\count269
\l__regex_right_state_int=\count270
\l__regex_capturing_group_int=\count271
\l__regex_min_pos_int=\count272
\l__regex_max_pos_int=\count273
\l__regex_curr_pos_int=\count274
\l__regex_start_pos_int=\count275
\l__regex_success_pos_int=\count276
\l__regex_curr_char_int=\count277
\l__regex_curr_catcode_int=\count278
\l__regex_last_char_int=\count279
\l__regex_case_changed_char_int=\count280
\l__regex_curr_state_int=\count281
\l__regex_step_int=\count282
\l__regex_min_active_int=\count283
\l__regex_max_active_int=\count284
\l__regex_replacement_csnames_int=\count285
\l__regex_match_count_int=\count286
\l__regex_min_submatch_int=\count287
\l__regex_submatch_int=\count288
\l__regex_zeroth_submatch_int=\count289
\g__regex_trace_regex_int=\count290
\c_empty_box=\box46
\l_tmpa_box=\box47
\l_tmpb_box=\box48
\g_tmpa_box=\box49
\g_tmpb_box=\box50
\l__box_top_dim=\dimen256
\l__box_bottom_dim=\dimen257
\l__box_left_dim=\dimen258
\l__box_right_dim=\dimen259
\l__box_top_new_dim=\dimen260
\l__box_bottom_new_dim=\dimen261
\l__box_left_new_dim=\dimen262
\l__box_right_new_dim=\dimen263
\l__box_internal_box=\box51
\l__coffin_internal_box=\box52
\l__coffin_internal_dim=\dimen264
\l__coffin_offset_x_dim=\dimen265
\l__coffin_offset_y_dim=\dimen266
\l__coffin_x_dim=\dimen267
\l__coffin_y_dim=\dimen268
\l__coffin_x_prime_dim=\dimen269
\l__coffin_y_prime_dim=\dimen270
\c_empty_coffin=\box53
\l__coffin_aligned_coffin=\box54
\l__coffin_aligned_internal_coffin=\box55
\l_tmpa_coffin=\box56
\l_tmpb_coffin=\box57
\l__coffin_display_coffin=\box58
\l__coffin_display_coord_coffin=\box59
\l__coffin_display_pole_coffin=\box60
\l__coffin_display_offset_dim=\dimen271
\l__coffin_display_x_dim=\dimen272
\l__coffin_display_y_dim=\dimen273
\l__coffin_bounding_shift_dim=\dimen274
\l__coffin_left_corner_dim=\dimen275
\l__coffin_right_corner_dim=\dimen276
\l__coffin_bottom_corner_dim=\dimen277
\l__coffin_top_corner_dim=\dimen278
\l__coffin_scaled_total_height_dim=\dimen279
\l__coffin_scaled_width_dim=\dimen280
)
(/usr/share/texlive/texmf-dist/tex/latex/l3kernel/l3xdvipdfmx.def
File: l3xdvidpfmx.def 2017/03/18 v L3 Experimental driver: xdvipdfmx
\g__driver_image_int=\count291
\l__driver_tmp_box=\box61
))
Package: xparse 2018/02/21 L3 Experimental document command parser
\l__xparse_current_arg_int=\count292
\g__xparse_grabber_int=\count293
\l__xparse_m_args_int=\count294
\l__xparse_mandatory_args_int=\count295
\l__xparse_v_nesting_int=\count296
)
Package: fontspec 2017/11/09 v2.6g Font selection for XeLaTeX and LuaLaTeX

(/usr/share/texlive/texmf-dist/tex/latex/fontspec/fontspec-xetex.sty
Package: fontspec-xetex 2017/11/09 v2.6g Font selection for XeLaTeX and LuaLaTe
X
\l__fontspec_script_int=\count297
\l__fontspec_language_int=\count298
\l__fontspec_strnum_int=\count299
\l__fontspec_tmp_int=\count300
\l__fontspec_em_int=\count301
\l__fontspec_emdef_int=\count302
\l__fontspec_strong_int=\count303
\l__fontspec_strongdef_int=\count304
\l__fontspec_tmpa_dim=\dimen281
\l__fontspec_tmpb_dim=\dimen282
\l__fontspec_tmpc_dim=\dimen283
\g__file_internal_ior=\read2

(/usr/share/texlive/texmf-dist/tex/latex/base/fontenc.sty
Package: fontenc 2017/04/05 v2.0i Standard LaTeX package

(/usr/share/texlive/texmf-dist/tex/latex/base/tuenc.def
File: tuenc.def 2017/04/05 v2.0i Standard LaTeX file
LaTeX Font Info:    Redeclaring font encoding TU on input line 82.
))
.................................................
. LaTeX info: "xparse/define-command"
. 
. Defining command \fontspec with sig. 'O{}mO{}' on line 542.
.................................................
.................................................
. LaTeX info: "xparse/define-command"
. 
. Defining command \setmainfont with sig. 'O{}mO{}' on line 546.
.................................................
.................................................
. LaTeX info: "xparse/define-command"
. 
. Defining command \setsansfont with sig. 'O{}mO{}' on line 550.
.................................................
.................................................
. LaTeX info: "xparse/define-command"
. 
. Defining command \setmonofont with sig. 'O{}mO{}' on line 554.
.................................................
.................................................
. LaTeX info: "xparse/define-command"
. 
. Defining command \setmathrm with sig. 'O{}mO{}' on line 558.
.................................................
.................................................
. LaTeX info: "xparse/define-command"
. 
. Defining command \setboldmathrm with sig. 'O{}mO{}' on line 562.
.................................................
.................................................
. LaTeX info: "xparse/define-command"
. 
. Defining command \setmathsf with sig. 'O{}mO{}' on line 566.
.................................................
.................................................
. LaTeX info: "xparse/define-command"
. 
. Defining command \setmathtt with sig. 'O{}mO{}' on line 570.
.................................................
.................................................
. LaTeX info: "xparse/define-command"
. 
. Defining command \setromanfont with sig. 'O{}mO{}' on line 574.
.................................................
.................................................
. LaTeX info: "xparse/define-command"
. 
. Defining command \newfontfamily with sig. 'mO{}mO{}' on line 578.
.................................................
.................................................
. LaTeX info: "xparse/define-command"
. 
. Defining command \newfontface with sig. 'mO{}mO{}' on line 582.
.................................................
.................................................
. LaTeX info: "xparse/define-command"
. 
. Defining command \defaultfontfeatures with sig. 't+om' on line 586.
.................................................
.................................................
. LaTeX info: "xparse/define-command"
. 
. Defining command \addfontfeatures with sig. 'm' on line 590.
.................................................
.................................................
. LaTeX info: "xparse/define-command"
. 
. Defining command \addfontfeature with sig. 'm' on line 594.
.................................................
.................................................
. LaTeX info: "xparse/define-command"
. 
. Defining command \newfontfeature with sig. 'mm' on line 598.
.................................................
.................................................
. LaTeX info: "xparse/define-command"
. 
. Defining command \newAATfeature with sig. 'mmmm' on line 602.
.................................................
.................................................
. LaTeX info: "xparse/define-command"
. 
. Defining command \newopentypefeature with sig. 'mmm' on line 606.
.................................................
.................................................
. LaTeX info: "xparse/define-command"
. 
. Defining command \newICUfeature with sig. 'mmm' on line 610.
.................................................
.................................................
. LaTeX info: "xparse/define-command"
. 
. Defining command \aliasfontfeature with sig. 'mm' on line 614.
.................................................
.................................................
. LaTeX info: "xparse/define-command"
. 
. Defining command \aliasfontfeatureoption with sig. 'mmm' on line 618.
.................................................
.................................................
. LaTeX info: "xparse/define-command"
. 
. Defining command \newfontscript with sig. 'mm' on line 622.
.................................................
.................................................
. LaTeX info: "xparse/define-command"
. 
. Defining command \newfontlanguage with sig. 'mm' on line 626.
.................................................
.................................................
. LaTeX info: "xparse/define-command"
. 
. Defining command \DeclareFontsExtensions with sig. 'm' on line 630.
.................................................
.................................................
. LaTeX info: "xparse/define-command"
. 
. Defining command \IfFontFeatureActiveTF with sig. 'mmm' on line 634.
.................................................
.................................................
. LaTeX info: "xparse/define-command"
. 
. Defining command \EncodingCommand with sig. 'mO{}m' on line 3632.
.................................................
.................................................
. LaTeX info: "xparse/define-command"
. 
. Defining command \EncodingAccent with sig. 'mm' on line 3638.
.................................................
.................................................
. LaTeX info: "xparse/define-command"
. 
. Defining command \EncodingSymbol with sig. 'mm' on line 3644.
.................................................
.................................................
. LaTeX info: "xparse/define-command"
. 
. Defining command \EncodingComposite with sig. 'mmm' on line 3650.
.................................................
.................................................
. LaTeX info: "xparse/define-command"
. 
. Defining command \EncodingCompositeCommand with sig. 'mmm' on line 3656.
.................................................
.................................................
. LaTeX info: "xparse/define-command"
. 
. Defining command \DeclareUnicodeEncoding with sig. 'mm' on line 3681.
.................................................
.................................................
. LaTeX info: "xparse/define-command"
. 
. Defining command \UndeclareSymbol with sig. 'm' on line 3687.
.................................................
.................................................
. LaTeX info: "xparse/define-command"
. 
. Defining command \UndeclareAccent with sig. 'm' on line 3693.
.................................................
.................................................
. LaTeX info: "xparse/define-command"
. 
. Defining command \UndeclareCommand with sig. 'm' on line 3699.
.................................................
.................................................
. LaTeX info: "xparse/define-command"
. 
. Defining command \UndeclareComposite with sig. 'mm' on line 3706.
.................................................

(/usr/share/texlive/texmf-dist/tex/latex/fontspec/fontspec.cfg)
LaTeX Info: Redefining \itshape on input line 3891.
LaTeX Info: Redefining \slshape on input line 3896.
LaTeX Info: Redefining \scshape on input line 3901.
LaTeX Info: Redefining \upshape on input line 3906.
LaTeX Info: Redefining \em on input line 3936.
LaTeX Info: Redefining \emph on input line 3961.
LaTeX Info: Redefining \- on input line 4015.
.................................................
. LaTeX info: "xparse/redefine-command"
. 
. Redefining command \oldstylenums with sig. 'm' on line 4110.
.................................................
.................................................
. LaTeX info: "xparse/define-command"
. 
. Defining command \liningnums with sig. 'm' on line 4114.
.................................................
))
(/usr/share/texlive/texmf-dist/tex/xelatex/xepersian/xepersian-persiancal.sty
Package: xepersian-persiancal 2012/07/25 v0.2 provides Persian calendar
\XePersian@i=\count305
\XePersian@y=\count306
\XePersian@m=\count307
\XePersian@d=\count308
\XePersian@latini=\count309
\XePersian@persiani=\count310
\XePersian@latinii=\count311
\XePersian@persianii=\count312
\XePersian@latiniii=\count313
\XePersian@persianiii=\count314
\XePersian@latiniv=\count315
\XePersian@persianiv=\count316
\XePersian@latinv=\count317
\XePersian@persianv=\count318
\XePersian@latinvi=\count319
\XePersian@persianvi=\count320
\XePersian@latinvii=\count321
\XePersian@persianvii=\count322
\XePersian@latinviii=\count323
\XePersian@persianviii=\count324
\XePersian@latinix=\count325
\XePersian@persianix=\count326
\XePersian@latinx=\count327
\XePersian@persianx=\count328
\XePersian@latinxi=\count329
\XePersian@persianxi=\count330
\XePersian@latinxii=\count331
\XePersian@persianxii=\count332
\XePersian@persianxiii=\count333
\XePersian@temp=\count334
\XePersian@temptwo=\count335
\XePersian@tempthree=\count336
\XePersian@yModHundred=\count337
\XePersian@thirtytwo=\count338
\XePersian@dn=\count339
\XePersian@sn=\count340
\XePersian@mminusone=\count341
)
(/usr/share/texlive/texmf-dist/tex/xelatex/xepersian/xepersian-mathsdigitspec.s
ty
Package: xepersian-mathsdigitspec 2018/01/01 v1.1.5 Unicode Persian maths digit
s in XeLaTeX
.................................................
. LaTeX info: "xparse/define-command"
. 
. Defining command \new@mathbf with sig. 'm' on line 132.
.................................................
.................................................
. LaTeX info: "xparse/define-command"
. 
. Defining command \new@mathit with sig. 'm' on line 140.
.................................................
.................................................
. LaTeX info: "xparse/define-command"
. 
. Defining command \new@mathrm with sig. 'm' on line 148.
.................................................
.................................................
. LaTeX info: "xparse/define-command"
. 
. Defining command \new@mathsf with sig. 'm' on line 156.
.................................................
.................................................
. LaTeX info: "xparse/define-command"
. 
. Defining command \new@mathtt with sig. 'm' on line 164.
.................................................
.................................................
. LaTeX info: "xparse/define-command"
. 
. Defining command \setmathdigitfont with sig. 'O{}mO{}' on line 169.
.................................................
.................................................
. LaTeX info: "xparse/define-command"
. 
. Defining command \setmathsfdigitfont with sig. 'O{}mO{}' on line 203.
.................................................
.................................................
. LaTeX info: "xparse/define-command"
. 
. Defining command \setmathttdigitfont with sig. 'O{}mO{}' on line 217.
.................................................
) (/usr/share/texlive/texmf-dist/tex/xelatex/bidi/bidi.sty
Package: bidi 2018/02/22 v32.9 Bidirectional typesetting in plain TeX and LaTeX


****************************************************
* 
* bidi package (Bidirectional typesetting in
* plain TeX and LaTeX, using XeTeX engine)
* 
* Description: A convenient interface for
* typesetting bidirectional texts in plain TeX
* and LaTeX. The package includes adaptations
* for use with many other commonly-used packages.
* 
* Copyright (c) 2009--2018 Vafa Khalighi
* 
* v32.9, 2018/02/22
* 
* License: LaTeX Project Public License, version
* 1.3c or higher (your choice)
* 
* Location on CTAN: /macros/xetex/latex/bidi
* 
* Issue tracker: https://github.com/tex-xet/bidi/issues
* 
* Support: persian-tex@tug.org
* 
****************************************************
(/usr/share/texlive/texmf-dist/tex/generic/iftex/iftex.sty
Package: iftex 2013/04/04 v0.2 Provides if(tex) conditional for PDFTeX, XeTeX, 
and LuaTeX
)
(/usr/share/texlive/texmf-dist/tex/xelatex/bidi/biditools.sty
Package: biditools 2018/02/22 v1.4 Programming tools for bidi package
\@bidi@envbody=\toks43
\@bidi@emptytoks=\toks44
\bidi@tempcountb=\count342
\bidi@temptoksa=\toks45
\bidi@temptoksb=\toks46
\bidi@dummies=\count343
\bidi@are@these@correct=\toks47
\bidi@toks@lista=\toks48
\bidi@toks@listb=\toks49
\bidi@stack@length=\count344
\bidi@empty@stack=\toks50
\bidi@looprepeat@depth=\count345
)
(/usr/share/texlive/texmf-dist/tex/latex/oberdiek/zref-abspage.sty
Package: zref-abspage 2016/05/21 v2.26 Module abspage for zref (HO)

(/usr/share/texlive/texmf-dist/tex/latex/oberdiek/zref-base.sty
Package: zref-base 2016/05/21 v2.26 Module base for zref (HO)
Package zref Info: New property list: main on input line 759.
Package zref Info: New property: default on input line 760.
Package zref Info: New property: page on input line 761.
)
\c@abspage=\count346
Package zref Info: New property: abspage on input line 62.
)
\@bidi@copyins@=\insert252

(/usr/share/texlive/texmf-dist/tex/xelatex/bidi/latex-xetex-bidi.def
File: latex-xetex-bidi.def 2018/02/22 v1.3.3 bidi adaptations for `latex.ltx' f
or XeTeX engine
\bidi@n@everypar=\toks51
\bidi@column@check@number=\count347

(/usr/share/texlive/texmf-dist/tex/xelatex/bidi/footnote-xetex-bidi.def
File: footnote-xetex-bidi.def 2017/08/09 v1.1 bidi footnote macros for XeTeX en
gine
\c@footdir@label=\count348
\footdir@toks=\toks52
)
(/usr/share/texlive/texmf-dist/tex/xelatex/bidi/report-xetex-bidi.def
File: report-xetex-bidi.def 2017/06/09 v0.8 bidi adaptations for standard repor
t class for XeTeX engine
)
(/usr/share/texlive/texmf-dist/tex/xelatex/bidi/mathtools-xetex-bidi.def
File: mathtools-xetex-bidi.def 2018/01/07 v0.1 bidi adaptations for mathtools p
ackage for XeTeX engine
)
(/usr/share/texlive/texmf-dist/tex/xelatex/bidi/amsmath-xetex-bidi.def
File: amsmath-xetex-bidi.def 2018/01/08 v1.1 bidi adaptations for amsmath packa
ge for XeTeX engine
)
(/usr/share/texlive/texmf-dist/tex/xelatex/bidi/amstext-xetex-bidi.def
File: amstext-xetex-bidi.def 2016/09/12 v0.2 bidi adaptations for amstext packa
ge for XeTeX engine
)
(/usr/share/texlive/texmf-dist/tex/xelatex/bidi/color-xetex-bidi.def
File: color-xetex-bidi.def 2013/04/08 v0.2 bidi adaptations for color package f
or XeTeX engine
LaTeX Info: Redefining \color on input line 46.
)
(/usr/share/texlive/texmf-dist/tex/xelatex/bidi/xcolor-xetex-bidi.def
File: xcolor-xetex-bidi.def 2013/04/08 v0.2 bidi adaptations for xcolor package
 for XeTeX engine
LaTeX Info: Redefining \color on input line 45.
LaTeX Info: Redefining \bidicolor on input line 88.
)
(/usr/share/texlive/texmf-dist/tex/xelatex/bidi/float-xetex-bidi.def
File: float-xetex-bidi.def 2013/04/04 v0.2 bidi adaptations for float package f
or XeTeX engine
)
(/usr/share/texlive/texmf-dist/tex/xelatex/bidi/graphicx-xetex-bidi.def
File: graphicx-xetex-bidi.def 2017/06/17 v0.5 bidi adaptations for graphicx pac
kage for XeTeX engine
)
(/usr/share/texlive/texmf-dist/tex/xelatex/bidi/geometry-xetex-bidi.def
File: geometry-xetex-bidi.def 2017/01/14 v0.2 bidi adaptations for geometry pac
kage for XeTeX engine
)
(/usr/share/texlive/texmf-dist/tex/xelatex/bidi/hyperref-xetex-bidi.def
File: hyperref-xetex-bidi.def 2017/08/09 v1.0 bidi adaptations for hyperref pac
kage for XeTeX engine
)
(/usr/share/texlive/texmf-dist/tex/xelatex/bidi/eso-pic-xetex-bidi.def
File: eso-pic-xetex-bidi.def 2013/04/10 v0.2 bidi adaptations for eso-pic packa
ge for XeTeX engine
)
(/usr/share/texlive/texmf-dist/tex/xelatex/bidi/pdfpages-xetex-bidi.def
File: pdfpages-xetex-bidi.def 2010/07/25 v0.1 bidi adaptations for pdfpages pac
kage for XeTeX engine
)
(/usr/share/texlive/texmf-dist/tex/xelatex/bidi/pgfcorescopes.code-xetex-bidi.d
ef
File: pgfcorescopes.code-xetex-bidi.def 2015/11/14 v0.1 bidi adaptations for pg
f package for XeTeX engine
) (/usr/share/texlive/texmf-dist/tex/xelatex/bidi/tocbibind-xetex-bidi.def
File: tocbibind-xetex-bidi.def 2017/06/09 v0.4 bidi adaptations for tocbibind p
ackage for XeTeX engine
)
(/usr/share/texlive/texmf-dist/tex/xelatex/bidi/tc-xetex-bidi.def
File: tc-xetex-bidi.def 2014/07/08 v0.1 bidi adaptations for Clipping driver fo
r XeTeX engine
))
(/usr/share/texlive/texmf-dist/tex/xelatex/bidi/loadingorder-xetex-bidi.def
File: loadingorder-xetex-bidi.def 2017/12/29 v0.97 making sure that bidi is the
 last package loaded
)
\bidi@digits=\count349
\bidi@digits@charclass=\XeTeXcharclass1
\bidi@sepmark@charclass=\XeTeXcharclass2
)
****************************************************
* 
* xepersian package (Persian for LaTeX, using XeTeX engine)
* 
* Description: The package supports Persian
* typesetting, using fonts provided in the
* distribution.
* 
* Copyright (c) 2008--2018 Vafa Khalighi
* 
* v21.1, 2018/01/28
* 
* License: LaTeX Project Public License, version
* 1.3c or higher (your choice)
* 
* Location on CTAN: /macros/xetex/latex/xepersian
* 
* Issue tracker: https://github.com/tex-xet/xepersian/issues
* 
* Support: persian-tex@tug.org
* 
****************************************************
.................................................
. LaTeX info: "xparse/define-command"
. 
. Defining command \settextfont with sig. 'O{}mO{}' on line 125.
.................................................
.................................................
. LaTeX info: "xparse/define-command"
. 
. Defining command \settextdigitfont with sig. 'O{}mO{}' on line 149.
.................................................
.................................................
. LaTeX info: "xparse/define-command"
. 
. Defining command \setdigitfont with sig. 'O{}mO{}' on line 191.
.................................................
.................................................
. LaTeX info: "xparse/define-command"
. 
. Defining command \setlatintextfont with sig. 'O{}mO{}' on line 196.
.................................................
.................................................
. LaTeX info: "xparse/define-command"
. 
. Defining command \defpersianfont with sig. 'mO{}mO{}' on line 222.
.................................................
.................................................
. LaTeX info: "xparse/define-command"
. 
. Defining command \deflatinfont with sig. 'mO{}mO{}' on line 240.
.................................................
.................................................
. LaTeX info: "xparse/define-command"
. 
. Defining command \setpersiansansfont with sig. 'O{}mO{}' on line 289.
.................................................
.................................................
. LaTeX info: "xparse/define-command"
. 
. Defining command \setpersianmonofont with sig. 'O{}mO{}' on line 313.
.................................................
.................................................
. LaTeX info: "xparse/define-command"
. 
. Defining command \setnavarfont with sig. 'O{}mO{}' on line 337.
.................................................
.................................................
. LaTeX info: "xparse/define-command"
. 
. Defining command \setpookfont with sig. 'O{}mO{}' on line 361.
.................................................
.................................................
. LaTeX info: "xparse/define-command"
. 
. Defining command \setsayehfont with sig. 'O{}mO{}' on line 385.
.................................................
.................................................
. LaTeX info: "xparse/define-command"
. 
. Defining command \setiranicfont with sig. 'O{}mO{}' on line 409.
.................................................
\xepersian@tcl=\count350
\xepersian@ilg=\dimen284
\xepersian@strutilg=\dimen285

(/usr/share/texlive/texmf-dist/tex/xelatex/xepersian/loadingorder-xepersian.def
File: loadingorder-xepersian.def 2017/09/06 v0.4 making sure that xepersian is 
the last package loaded
) (/usr/share/texlive/texmf-dist/tex/xelatex/xepersian/footnote-xepersian.def
File: footnote-xepersian.def 2017/08/09 v0.6 footnote macros for xepersian pack
age
)
(/usr/share/texlive/texmf-dist/tex/xelatex/xepersian/enumerate-xepersian.def
File: enumerate-xepersian.def 2010/07/25 v0.1 adaptations for enumerate package

)
(/usr/share/texlive/texmf-dist/tex/xelatex/xepersian/hyperref-xepersian.def
File: hyperref-xepersian.def 2015/02/02 v0.6 bilingual captions for hyperref pa
ckage
)
(/usr/share/texlive/texmf-dist/tex/xelatex/xepersian/report-xepersian.def
File: report-xepersian.def 2010/07/25 v0.2 adaptations for standard report clas
s
)
\g__fontspec_family_lmroman10-regular_int=\count351
.................................................
. fontspec info: "defining-font"
. 
. Font family 'lmroman10-regular(0)' created for font 'lmroman10-regular' with
. options
. [Mapping=tex-text,ExternalLocation,BoldFont={lmroman10-bold},BoldItalicFont={
lmroman10-bolditalic},ItalicFont={lmroman10-italic},SmallCapsFont={lmromancaps1
0-regular},SlantedFont={lmromanslant10-regular},BoldSlantedFont={lmromanslant10
-bold}].
.  
.  This font family consists of the following NFSS series/shapes:
.  
. - 'normal' (m/n) with NFSS spec.:
. <->"[lmroman10-regular]/OT:script=latn;language=DFLT;mapping=tex-text;"
. - 'small caps'  (m/sc) with NFSS spec.:
. <->"[lmromancaps10-regular]/OT:script=latn;language=DFLT;mapping=tex-text;"
. - 'bold' (bx/n) with NFSS spec.:
. <->"[lmroman10-bold]/OT:script=latn;language=DFLT;mapping=tex-text;"
. - 'bold small caps'  (bx/sc) with NFSS spec.:
. <->"[lmromancaps10-regular]/OT:script=latn;language=DFLT;mapping=tex-text;"
. - 'italic' (m/it) with NFSS spec.:
. <->"[lmroman10-italic]/OT:script=latn;language=DFLT;mapping=tex-text;"
. - 'italic small caps'  (m/itsc) with NFSS spec.:
. <->"[lmromancaps10-regular]/OT:script=latn;language=DFLT;mapping=tex-text;"
. - 'slanted' (m/sl) with NFSS spec.:
. <->"[lmromanslant10-regular]/OT:script=latn;language=DFLT;mapping=tex-text;"
. - 'slanted small caps'  (m/slsc) with NFSS spec.:
. <->"[lmromancaps10-regular]/OT:script=latn;language=DFLT;mapping=tex-text;"
. - 'bold italic' (bx/it) with NFSS spec.:
. <->"[lmroman10-bolditalic]/OT:script=latn;language=DFLT;mapping=tex-text;"
. - 'bold italic small caps'  (bx/itsc) with NFSS spec.:
. <->"[lmromancaps10-regular]/OT:script=latn;language=DFLT;mapping=tex-text;"
. - 'bold slanted' (bx/sl) with NFSS spec.:
. <->"[lmromanslant10-bold]/OT:script=latn;language=DFLT;mapping=tex-text;"
. - 'bold slanted small caps'  (bx/slsc) with NFSS spec.:
. <->"[lmromancaps10-regular]/OT:script=latn;language=DFLT;mapping=tex-text;"
.................................................
)
\g__fontspec_family_XBYas_int=\count352
.................................................
. fontspec info: "defining-font"
. 
. Font family 'XBYas(0)' created for font 'XB Yas' with options
. [Script=Parsi,Language=Parsi,Mapping=parsidigits,Scale = 1.0,BoldFont =
. *Bd,ItalicFont = *It,BoldItalicFont = *BdIt,Extension =
. .ttf,ExternalLocation=fonts/].
.  
.  This font family consists of the following NFSS series/shapes:
.  
. - 'normal' (m/n) with NFSS spec.: <->s*[1.0]"[fonts/XB
. Yas.ttf]/OT:script=arab;language=FAR;mapping=parsidigits;"
. - 'small caps'  (m/sc) with NFSS spec.: 
. - 'bold' (bx/n) with NFSS spec.: <->s*[1.0]"[fonts/XB
. YasBd.ttf]/OT:script=arab;language=FAR;mapping=parsidigits;"
. - 'bold small caps'  (bx/sc) with NFSS spec.: 
. - 'italic' (m/it) with NFSS spec.: <->s*[1.0]"[fonts/XB
. YasIt.ttf]/OT:script=arab;language=FAR;mapping=parsidigits;"
. - 'italic small caps'  (m/itsc) with NFSS spec.: 
. - 'bold italic' (bx/it) with NFSS spec.: <->s*[1.0]"[fonts/XB
. YasBdIt.ttf]/OT:script=arab;language=FAR;mapping=parsidigits;"
. - 'bold italic small caps'  (bx/itsc) with NFSS spec.: 
.................................................
LaTeX Font Info:    Font shape `TU/XBYas(0)/m/n' will be
(Font)              scaled to size 12.0pt on input line 54.
.................................................
. fontspec info: "defining-font"
. 
. Font family 'XBYas(1)' created for font 'XB Yas' with options
. [Mapping=parsidigits,Scale = 1.0,BoldFont = *Bd,ItalicFont =
. *It,BoldItalicFont = *BdIt,Extension = .ttf,ExternalLocation=fonts/].
.  
.  This font family consists of the following NFSS series/shapes:
.  
. - 'normal' (m/n) with NFSS spec.: <->s*[1.0]"[fonts/XB
. Yas.ttf]/OT:script=latn;language=DFLT;mapping=parsidigits;"
. - 'small caps'  (m/sc) with NFSS spec.: 
. - 'bold' (bx/n) with NFSS spec.: <->s*[1.0]"[fonts/XB
. YasBd.ttf]/OT:script=latn;language=DFLT;mapping=parsidigits;"
. - 'bold small caps'  (bx/sc) with NFSS spec.: 
. - 'italic' (m/it) with NFSS spec.: <->s*[1.0]"[fonts/XB
. YasIt.ttf]/OT:script=latn;language=DFLT;mapping=parsidigits;"
. - 'italic small caps'  (m/itsc) with NFSS spec.: 
. - 'bold italic' (bx/it) with NFSS spec.: <->s*[1.0]"[fonts/XB
. YasBdIt.ttf]/OT:script=latn;language=DFLT;mapping=parsidigits;"
. - 'bold italic small caps'  (bx/itsc) with NFSS spec.: 
.................................................
Package xepersian-mathsdigitspec Info: DefiningthedefaultPersianmathsdigitsfont
as'XB Yas' on input line 62.
\symOPERATORS=\mathgroup6
\symnew@mathbf@font@digits=\mathgroup7
\symnew@mathit@font@digits=\mathgroup8
\symnew@mathrm@font@digits=\mathgroup9
\pdflastximagepages=\count353

(./sample.aux (./files/titlepage.aux))
\openout1 = `sample.aux'.

LaTeX Font Info:    Checking defaults for OML/cmm/m/it on input line 82.
LaTeX Font Info:    ... okay on input line 82.
LaTeX Font Info:    Checking defaults for T1/cmr/m/n on input line 82.
LaTeX Font Info:    ... okay on input line 82.
LaTeX Font Info:    Checking defaults for OT1/cmr/m/n on input line 82.
LaTeX Font Info:    ... okay on input line 82.
LaTeX Font Info:    Checking defaults for OMS/cmsy/m/n on input line 82.
LaTeX Font Info:    ... okay on input line 82.
LaTeX Font Info:    Checking defaults for TU/lmr/m/n on input line 82.
LaTeX Font Info:    ... okay on input line 82.
LaTeX Font Info:    Checking defaults for OMX/cmex/m/n on input line 82.
LaTeX Font Info:    ... okay on input line 82.
LaTeX Font Info:    Checking defaults for U/cmr/m/n on input line 82.
LaTeX Font Info:    ... okay on input line 82.
LaTeX Font Info:    Checking defaults for PD1/pdf/m/n on input line 82.
LaTeX Font Info:    ... okay on input line 82.
LaTeX Font Info:    Checking defaults for PU/pdf/m/n on input line 82.
LaTeX Font Info:    ... okay on input line 82.
\AtBeginShipoutBox=\box62
Package hyperref Info: Link coloring ON on input line 82.

(/usr/share/texlive/texmf-dist/tex/latex/hyperref/nameref.sty
Package: nameref 2016/05/21 v2.44 Cross-referencing by name of section

(/usr/share/texlive/texmf-dist/tex/generic/oberdiek/gettitlestring.sty
Package: gettitlestring 2016/05/16 v1.5 Cleanup title references (HO)
)
\c@section@level=\count354
)
LaTeX Info: Redefining \ref on input line 82.
LaTeX Info: Redefining \pageref on input line 82.
LaTeX Info: Redefining \nameref on input line 82.

(./sample.out) (./sample.out)
\@outlinefile=\write4
\openout4 = `sample.out'.


*geometry* driver: auto-detecting
*geometry* detected driver: xetex
*geometry* verbose mode - [ preamble ] result:
* driver: xetex
* paper: a4paper
* layout: <same size as paper>
* layoutoffset:(h,v)=(0.0pt,0.0pt)
* modes: 
* h-part:(L,W,R)=(71.13188pt, 455.24411pt, 71.13188pt)
* v-part:(T,H,B)=(56.9055pt, 731.23584pt, 56.9055pt)
* \paperwidth=597.50787pt
* \paperheight=845.04684pt
* \textwidth=455.24411pt
* \textheight=731.23584pt
* \oddsidemargin=-1.1381pt
* \evensidemargin=-1.1381pt
* \topmargin=-52.36449pt
* \headheight=12.0pt
* \headsep=25.0pt
* \topskip=12.0pt
* \footskip=30.0pt
* \marginparwidth=44.0pt
* \marginparsep=10.0pt
* \columnsep=10.0pt
* \skip\footins=10.8pt plus 4.0pt minus 2.0pt
* \hoffset=0.0pt
* \voffset=0.0pt
* \mag=1000
* \@twocolumnfalse
* \@twosidefalse
* \@mparswitchfalse
* \@reversemarginfalse
* (1in=72.27pt=25.4mm, 1cm=28.453pt)

(/usr/share/texlive/texmf-dist/tex/latex/oberdiek/pdflscape.sty
Package: pdflscape 2016/05/14 v0.11 Display of landscape pages in PDF (HO)

(/usr/share/texlive/texmf-dist/tex/latex/graphics/lscape.sty
Package: lscape 2000/10/22 v3.01 Landscape Pages (DPC)
)
Package pdflscape Info: Auto-detected driver: dvipdfm (xetex) on input line 99.

)
ABD: EveryShipout initializing macros
\openout2 = `files/titlepage.aux'.

 (./files/titlepage.tex
File: images/titlepage/Tehran.png Graphic file (type bmp)
<images/titlepage/Tehran.png>
LaTeX Font Info:    Font shape `TU/XBYas(0)/m/n' will be
(Font)              scaled to size 17.28pt on input line 7.
LaTeX Font Info:    Font shape `TU/XBYas(0)/bx/n' will be
(Font)              scaled to size 28.0pt on input line 13.


! LaTeX Error: There's no line here to end.

See the LaTeX manual or LaTeX Companion for explanation.
Type  H <return>  for immediate help.
 ...                                              
                                                  
l.17 ^^I^^I\\
             [3cm]
Your command was ignored.
Type  I <command> <return>  to replace it with another command,
or  <return>  to continue without it.

LaTeX Font Info:    Font shape `TU/XBYas(0)/m/it' will be
(Font)              scaled to size 12.0pt on input line 19.
LaTeX Font Info:    Font shape `TU/XBYas(0)/m/n' will be
(Font)              scaled to size 14.4pt on input line 29.
(/usr/share/texlive/texmf-dist/tex/generic/oberdiek/se-ascii-print.def
File: se-ascii-print.def 2016/05/16 v1.11 stringenc: Printable ASCII characters

)
[1


])
LaTeX Font Info:    Font shape `TU/XBYas(0)/m/n' will be
(Font)              scaled to size 24.88pt on input line 84.
LaTeX Font Info:    Font shape `TU/XBYas(0)/bx/n' will be
(Font)              scaled to size 24.88pt on input line 84.
 (./sample.toc
LaTeX Font Info:    Font shape `TU/XBYas(0)/bx/n' will be
(Font)              scaled to size 12.0pt on input line 1.
LaTeX Font Info:    Try loading font information for U+msa on input line 2.
 (/usr/share/texlive/texmf-dist/tex/latex/amsfonts/umsa.fd
File: umsa.fd 2013/01/14 v3.01 AMS symbols A
)
LaTeX Font Info:    Try loading font information for U+msb on input line 2.

(/usr/share/texlive/texmf-dist/tex/latex/amsfonts/umsb.fd
File: umsb.fd 2013/01/14 v3.01 AMS symbols B
)
LaTeX Font Info:    Font shape `TU/XBYas(1)/m/n' will be
(Font)              scaled to size 12.0pt on input line 2.
LaTeX Font Info:    Font shape `TU/XBYas(1)/m/n' will be
(Font)              scaled to size 8.0pt on input line 2.
LaTeX Font Info:    Font shape `TU/XBYas(1)/m/n' will be
(Font)              scaled to size 6.0pt on input line 2.
LaTeX Font Info:    Font shape `TU/XBYas(1)/bx/n' will be
(Font)              scaled to size 12.0pt on input line 2.
LaTeX Font Info:    Font shape `TU/XBYas(1)/bx/n' will be
(Font)              scaled to size 8.0pt on input line 2.
LaTeX Font Info:    Font shape `TU/XBYas(1)/bx/n' will be
(Font)              scaled to size 6.0pt on input line 2.
LaTeX Font Info:    Font shape `TU/XBYas(1)/m/it' will be
(Font)              scaled to size 12.0pt on input line 2.
LaTeX Font Info:    Font shape `TU/XBYas(1)/m/it' will be
(Font)              scaled to size 8.0pt on input line 2.
LaTeX Font Info:    Font shape `TU/XBYas(1)/m/it' will be
(Font)              scaled to size 6.0pt on input line 2.
)
\tf@toc=\write5
\openout5 = `sample.toc'.


(./files/PMP/PMP.tex [1


]
 1.

Package hyperref Warning: Token not allowed in a PDF string (Unicode):
(hyperref)                removing `\\' on input line 4.

(./files/PMP/managementsummary.tex
LaTeX Font Info:    Font shape `TU/XBYas(0)/bx/n' will be
(Font)              scaled to size 17.28pt on input line 3.
LaTeX Font Info:    Font shape `TU/XBYas(0)/bx/n' will be
(Font)              scaled to size 14.4pt on input line 7.
) (./files/PMP/businesscase.tex [2

] [3]
[4]) (./files/PMP/generaldescription.tex [5] [6]
File: appandecies/names_and_jobs.png Graphic file (type bmp)
<appandecies/names_and_jobs.png>
File: appandecies/sign.jpg Graphic file (type bmp)
<appandecies/sign.jpg>
) [7] (./files/PMP/RTM.tex
File: appandecies/RTM.pdf Graphic file (type pdf)
<use appandecies/RTM.pdf, page 1>
)
[8] (./files/PMP/projectdomain.tex
File: appandecies/PC-WBS.pdf Graphic file (type pdf)
<use appandecies/PC-WBS.pdf, page 1>
File: appandecies/F-WBS.pdf Graphic file (type pdf)
<use appandecies/F-WBS.pdf, page 1>
 [9]
File: appandecies/activity_list.pdf Graphic file (type pdf)
<use appandecies/activity_list.pdf>
File: appandecies/activity_list.pdf Graphic file (type pdf)
<use appandecies/activity_list.pdf>
File: appandecies/activity_list.pdf Graphic file (type pdf)
<use appandecies/activity_list.pdf, page 1>
File: appandecies/activity_list.pdf Graphic file (type pdf)
<use appandecies/activity_list.pdf, page 1>
File: appandecies/activity_list.pdf Graphic file (type pdf)
<use appandecies/activity_list.pdf, page 1>
File: appandecies/activity_list.pdf Graphic file (type pdf)
<use appandecies/activity_list.pdf, page 1>
File: appandecies/activity_list.pdf Graphic file (type pdf)
<use appandecies/activity_list.pdf, page 1>
 [10]
File: appandecies/activity_list.pdf Graphic file (type pdf)
<use appandecies/activity_list.pdf, page 2>
File: appandecies/activity_list.pdf Graphic file (type pdf)
<use appandecies/activity_list.pdf, page 2>
File: appandecies/activity_list.pdf Graphic file (type pdf)
<use appandecies/activity_list.pdf, page 2>
 [11]
File: appandecies/WBS.pdf Graphic file (type pdf)
<use appandecies/WBS.pdf, page 1>
) [12]
(./files/PMP/humanresources.tex
File: appandecies/OBS.png Graphic file (type bmp)
<appandecies/OBS.png>
File: appandecies/PCWBS-OBS.pdf Graphic file (type pdf)
<use appandecies/PCWBS-OBS.pdf>
 [13]
File: appandecies/RACI.pdf Graphic file (type pdf)
<use appandecies/RACI.pdf>
) [14] (./files/PMP/timing.tex
File: appandecies/gant_chart.png Graphic file (type bmp)
<appandecies/gant_chart.png>
)
(./files/PMP/costs.tex [15]
File: appandecies/costs.pdf Graphic file (type pdf)
<use appandecies/costs.pdf>
) [16] (./files/PMP/risks.tex
File: appandecies/risks.pdf Graphic file (type pdf)
<use appandecies/risks.pdf>
) [17]
(./files/PMP/projectquality.tex
File: appandecies/quality_acceptance_criteria_1.pdf Graphic file (type pdf)
<use appandecies/quality_acceptance_criteria_1.pdf>
File: appandecies/quality_acceptance_criteria_2.pdf Graphic file (type pdf)
<use appandecies/quality_acceptance_criteria_2.pdf>
 [18]
File: appandecies/quality_acceptance_criteria_3.pdf Graphic file (type pdf)
<use appandecies/quality_acceptance_criteria_3.pdf>
 [19]) [20] (./files/PMP/communications.tex
File: appandecies/communications.pdf Graphic file (type pdf)
<use appandecies/communications.pdf, page 1>
) (./files/PMP/benefactors.tex
File: appandecies/benefactors.pdf Graphic file (type pdf)
<use appandecies/benefactors.pdf, page 1>
)) [21] (./files/Agile/agile.tex
 2.
(./files/Agile/userstory.tex
File: appandecies/user_stories.pdf Graphic file (type pdf)
<use appandecies/user_stories.pdf, page 1>
) [22

] (./files/Agile/backlog.tex
File: appandecies/back_log.pdf Graphic file (type pdf)
<use appandecies/back_log.pdf, page 1>
 [23])
(./files/Agile/sprints.tex
File: appandecies/sprint_1.pdf Graphic file (type pdf)
<use appandecies/sprint_1.pdf, page 1>
File: appandecies/sprint_2.pdf Graphic file (type pdf)
<use appandecies/sprint_2.pdf, page 1>
 [24]
File: appandecies/sprint_3.pdf Graphic file (type pdf)
<use appandecies/sprint_3.pdf, page 1>
 [25]
File: appandecies/sprint_4.pdf Graphic file (type pdf)
<use appandecies/sprint_4.pdf, page 1>
 [26])) [27]
Package atveryend Info: Empty hook `BeforeClearDocument' on input line 88.
Package atveryend Info: Empty hook `AfterLastShipout' on input line 88.
 (./sample.aux
(./files/titlepage.aux))
Package atveryend Info: Empty hook `AtVeryEndDocument' on input line 88.
Package atveryend Info: Empty hook `AtEndAfterFileList' on input line 88.
Package atveryend Info: Empty hook `AtVeryVeryEnd' on input line 88.
 ) 
Here is how much of TeX's memory you used:
 33513 strings out of 493007
 662024 string characters out of 6136720
 777573 words of memory out of 5000000
 36848 multiletter control sequences out of 15000+600000
 535581 words of font info for 79 fonts, out of 8000000 for 9000
 1348 hyphenation exceptions out of 8191
 55i,19n,67p,10427b,623s stack positions out of 5000i,500n,10000p,200000b,80000s

Output written on sample.pdf (28 pages).
