This is XeTeX, Version 3.14159265-2.6-0.99998 (TeX Live 2017/Debian) (preloaded format=xelatex 2020.6.7)  13 JAN 2022 13:53
entering extended mode
 restricted \write18 enabled.
 %&-line parsing enabled.
**titlepage.tex
(./titlepage.tex
LaTeX2e <2017-04-15>
Babel <3.18> and hyphenation patterns for 84 language(s) loaded.

! LaTeX Error: Environment titlepage undefined.

See the LaTeX manual or LaTeX Companion for explanation.
Type  H <return>  for immediate help.
 ...                                              
                                                  
l.1 \begin{titlepage}
                     
Your command was ignored.
Type  I <command> <return>  to replace it with another command,
or  <return>  to continue without it.


! LaTeX Error: Missing \begin{document}.

See the LaTeX manual or LaTeX Companion for explanation.
Type  H <return>  for immediate help.
 ...                                              
                                                  
l.3 ^^I\begin{center}
                     
You're in trouble here.  Try typing  <return>  to proceed.
If that doesn't work, type  X <return>  to quit.


Overfull \hbox (20.0pt too wide) in paragraph at lines 3--3
[] 
 []

! Undefined control sequence.
l.5 ^^I^^I\includegraphics
                          [width=6cm]{images/titlepage/Tehran.png}
The control sequence at the end of the top line
of your error message was never \def'ed. If you have
misspelled it (e.g., `\hobx'), type `I' and the correct
spelling (e.g., `I\hbox'). Otherwise just continue,
and I'll forget about whatever was undefined.

Missing character: There is no [ in font nullfont!
Missing character: There is no w in font nullfont!
Missing character: There is no i in font nullfont!
Missing character: There is no d in font nullfont!
Missing character: There is no t in font nullfont!
Missing character: There is no h in font nullfont!
Missing character: There is no = in font nullfont!
Missing character: There is no 6 in font nullfont!
Missing character: There is no c in font nullfont!
Missing character: There is no m in font nullfont!
Missing character: There is no ] in font nullfont!
Missing character: There is no i in font nullfont!
Missing character: There is no m in font nullfont!
Missing character: There is no a in font nullfont!
Missing character: There is no g in font nullfont!
Missing character: There is no e in font nullfont!
Missing character: There is no s in font nullfont!
Missing character: There is no / in font nullfont!
Missing character: There is no t in font nullfont!
Missing character: There is no i in font nullfont!
Missing character: There is no t in font nullfont!
Missing character: There is no l in font nullfont!
Missing character: There is no e in font nullfont!
Missing character: There is no p in font nullfont!
Missing character: There is no a in font nullfont!
Missing character: There is no g in font nullfont!
Missing character: There is no e in font nullfont!
Missing character: There is no / in font nullfont!
Missing character: There is no T in font nullfont!
Missing character: There is no e in font nullfont!
Missing character: There is no h in font nullfont!
Missing character: There is no r in font nullfont!
Missing character: There is no a in font nullfont!
Missing character: There is no n in font nullfont!
Missing character: There is no . in font nullfont!
Missing character: There is no p in font nullfont!
Missing character: There is no n in font nullfont!
Missing character: There is no g in font nullfont!
! Undefined control sequence.
l.7 ^^I^^I\Large
                {دانشکده فنی دانشگاه تهران}
The control sequence at the end of the top line
of your error message was never \def'ed. If you have
misspelled it (e.g., `\hobx'), type `I' and the correct
spelling (e.g., `I\hbox'). Otherwise just continue,
and I'll forget about whatever was undefined.

Missing character: There is no د in font nullfont!
Missing character: There is no ا in font nullfont!
Missing character: There is no ن in font nullfont!
Missing character: There is no ش in font nullfont!
Missing character: There is no ک in font nullfont!
Missing character: There is no د in font nullfont!
Missing character: There is no ه in font nullfont!
Missing character: There is no ف in font nullfont!
Missing character: There is no ن in font nullfont!
Missing character: There is no ی in font nullfont!
Missing character: There is no د in font nullfont!
Missing character: There is no ا in font nullfont!
Missing character: There is no ن in font nullfont!
Missing character: There is no ش in font nullfont!
Missing character: There is no گ in font nullfont!
Missing character: There is no ا in font nullfont!
Missing character: There is no ه in font nullfont!
Missing character: There is no ت in font nullfont!
Missing character: There is no ه in font nullfont!
Missing character: There is no ر in font nullfont!
Missing character: There is no ا in font nullfont!
Missing character: There is no ن in font nullfont!
Missing character: There is no پ in font nullfont!
Missing character: There is no ر in font nullfont!
Missing character: There is no و in font nullfont!
Missing character: There is no ژ in font nullfont!
Missing character: There is no ه in font nullfont!
Missing character: There is no ‌ in font nullfont!
Missing character: There is no ن in font nullfont!
Missing character: There is no ه in font nullfont!
Missing character: There is no ا in font nullfont!
Missing character: There is no ی in font nullfont!
Missing character: There is no ی in font nullfont!
Missing character: There is no د in font nullfont!
Missing character: There is no ر in font nullfont!
Missing character: There is no س in font nullfont!
Missing character: There is no م in font nullfont!
Missing character: There is no د in font nullfont!
Missing character: There is no ی in font nullfont!
Missing character: There is no ر in font nullfont!
Missing character: There is no ی in font nullfont!
Missing character: There is no ت in font nullfont!
Missing character: There is no و in font nullfont!
Missing character: There is no ک in font nullfont!
Missing character: There is no ن in font nullfont!
Missing character: There is no ت in font nullfont!
Missing character: There is no ر in font nullfont!
Missing character: There is no ل in font nullfont!
Missing character: There is no پ in font nullfont!
Missing character: There is no ر in font nullfont!
Missing character: There is no و in font nullfont!
Missing character: There is no ژ in font nullfont!
Missing character: There is no ه in font nullfont!
Missing character: There is no ‌ in font nullfont!
Missing character: There is no ه in font nullfont!
Missing character: There is no ا in font nullfont!
Missing character: There is no ی in font nullfont!
Missing character: There is no ف in font nullfont!
Missing character: There is no ن in font nullfont!
Missing character: There is no ا in font nullfont!
Missing character: There is no و in font nullfont!
Missing character: There is no ر in font nullfont!
Missing character: There is no ی in font nullfont!
Missing character: There is no ا in font nullfont!
Missing character: There is no ط in font nullfont!
Missing character: There is no ل in font nullfont!
Missing character: There is no ا in font nullfont!
Missing character: There is no ع in font nullfont!
Missing character: There is no ا in font nullfont!
Missing character: There is no ت in font nullfont!
Missing character: There is no ت in font [lmroman12-bold]:mapping=tex-text;!
Missing character: There is no و in font [lmroman12-bold]:mapping=tex-text;!
Missing character: There is no س in font [lmroman12-bold]:mapping=tex-text;!
Missing character: There is no ع in font [lmroman12-bold]:mapping=tex-text;!
Missing character: There is no ه in font [lmroman12-bold]:mapping=tex-text;!
Missing character: There is no س in font [lmroman12-bold]:mapping=tex-text;!
Missing character: There is no ا in font [lmroman12-bold]:mapping=tex-text;!
Missing character: There is no م in font [lmroman12-bold]:mapping=tex-text;!
Missing character: There is no ا in font [lmroman12-bold]:mapping=tex-text;!
Missing character: There is no ن in font [lmroman12-bold]:mapping=tex-text;!
Missing character: There is no ه in font [lmroman12-bold]:mapping=tex-text;!
Missing character: There is no ر in font [lmroman12-bold]:mapping=tex-text;!
Missing character: There is no ز in font [lmroman12-bold]:mapping=tex-text;!
Missing character: There is no ر in font [lmroman12-bold]:mapping=tex-text;!
Missing character: There is no و in font [lmroman12-bold]:mapping=tex-text;!

Overfull \hbox (39.2pt too wide) in paragraph at lines 15--15
 []\TU/lmr/bx/n/28 توسعه 
 []


Overfull \hbox (47.04001pt too wide) in paragraph at lines 15--15
 \TU/lmr/bx/n/28 سامانه 
 []


Overfull \hbox (31.36pt too wide) in paragraph at lines 15--15
 \TU/lmr/bx/n/28 رزرو 
 []

Missing character: There is no س in font [lmroman12-bold]:mapping=tex-text;!
Missing character: There is no ا in font [lmroman12-bold]:mapping=tex-text;!
Missing character: There is no ل in font [lmroman12-bold]:mapping=tex-text;!
Missing character: There is no ن in font [lmroman12-bold]:mapping=tex-text;!
Missing character: There is no ‌ in font [lmroman12-bold]:mapping=tex-text;!
Missing character: There is no ه in font [lmroman12-bold]:mapping=tex-text;!
Missing character: There is no ا in font [lmroman12-bold]:mapping=tex-text;!
Missing character: There is no ی in font [lmroman12-bold]:mapping=tex-text;!
Missing character: There is no و in font [lmroman12-bold]:mapping=tex-text;!
Missing character: There is no ر in font [lmroman12-bold]:mapping=tex-text;!
Missing character: There is no ز in font [lmroman12-bold]:mapping=tex-text;!
Missing character: There is no ش in font [lmroman12-bold]:mapping=tex-text;!
Missing character: There is no ی in font [lmroman12-bold]:mapping=tex-text;!
Missing character: There is no د in font [lmroman12-bold]:mapping=tex-text;!
Missing character: There is no ا in font [lmroman12-bold]:mapping=tex-text;!
Missing character: There is no ن in font [lmroman12-bold]:mapping=tex-text;!
Missing character: There is no ش in font [lmroman12-bold]:mapping=tex-text;!
Missing character: There is no گ in font [lmroman12-bold]:mapping=tex-text;!
Missing character: There is no ا in font [lmroman12-bold]:mapping=tex-text;!
Missing character: There is no ه in font [lmroman12-bold]:mapping=tex-text;!

Overfull \hbox (54.88pt too wide) in paragraph at lines 15--17
 []\TU/lmr/bx/n/28 سالن‌های 
 []


Overfull \hbox (39.2pt too wide) in paragraph at lines 15--17
 \TU/lmr/bx/n/28 ورزشی 
 []


Overfull \hbox (54.88pt too wide) in paragraph at lines 15--17
 \TU/lmr/bx/n/28 دانشگاه 
 []


! LaTeX Error: There's no line here to end.

See the LaTeX manual or LaTeX Companion for explanation.
Type  H <return>  for immediate help.
 ...                                              
                                                  
l.21 ^^I^^I\\
             [3cm]
Your command was ignored.
Type  I <command> <return>  to replace it with another command,
or  <return>  to continue without it.

Missing character: There is no ر in font nullfont!
Missing character: There is no س in font nullfont!
Missing character: There is no ت in font nullfont!
Missing character: There is no ا in font nullfont!
Missing character: There is no ت in font nullfont!
Missing character: There is no د in font nullfont!
Missing character: There is no ی in font nullfont!
Missing character: There is no ن in font nullfont!
Missing character: There is no ط in font nullfont!
Missing character: There is no ه in font nullfont!
Missing character: There is no م in font nullfont!
Missing character: There is no ا in font nullfont!
Missing character: There is no س in font nullfont!
Missing character: There is no ب in font nullfont!
Missing character: There is no ی in font nullfont!
! Undefined control sequence.
l.30 ^^I^^I{\Large
                  
The control sequence at the end of the top line
of your error message was never \def'ed. If you have
misspelled it (e.g., `\hobx'), type `I' and the correct
spelling (e.g., `I\hbox'). Otherwise just continue,
and I'll forget about whatever was undefined.

Missing character: There is no ا in font [lmroman12-italic]:mapping=tex-text;!
Missing character: There is no س in font [lmroman12-italic]:mapping=tex-text;!
Missing character: There is no ت in font [lmroman12-italic]:mapping=tex-text;!
Missing character: There is no ا in font [lmroman12-italic]:mapping=tex-text;!
Missing character: There is no د in font [lmroman12-italic]:mapping=tex-text;!
Missing character: There is no د in font nullfont!
Missing character: There is no ک in font nullfont!
Missing character: There is no ت in font nullfont!
Missing character: There is no ر in font nullfont!
Missing character: There is no س in font nullfont!
Missing character: There is no ی in font nullfont!
Missing character: There is no د in font nullfont!
Missing character: There is no ع in font nullfont!
Missing character: There is no ل in font nullfont!
Missing character: There is no ی in font nullfont!
Missing character: There is no ر in font nullfont!
Missing character: There is no ض in font nullfont!
Missing character: There is no ا in font nullfont!
Missing character: There is no م in font nullfont!
Missing character: There is no ت in font nullfont!
Missing character: There is no و in font nullfont!
Missing character: There is no ل in font nullfont!
Missing character: There is no ی in font nullfont!
Missing character: There is no ا in font nullfont!
Missing character: There is no ن in font nullfont!

Overfull \hbox (47.6pt too wide) in paragraph at lines 31--34
 []\TU/lmr/m/it/28 استاد: 
 []

! Undefined control sequence.
l.37 ^^I\large
              {دی ۱۴۰۰}
The control sequence at the end of the top line
of your error message was never \def'ed. If you have
misspelled it (e.g., `\hobx'), type `I' and the correct
spelling (e.g., `I\hbox'). Otherwise just continue,
and I'll forget about whatever was undefined.

Missing character: There is no د in font nullfont!
Missing character: There is no ی in font nullfont!
Missing character: There is no ۱ in font nullfont!
Missing character: There is no ۴ in font nullfont!
Missing character: There is no ۰ in font nullfont!
Missing character: There is no ۰ in font nullfont!

! LaTeX Error: \begin{document} ended by \end{titlepage}.

See the LaTeX manual or LaTeX Companion for explanation.
Type  H <return>  for immediate help.
 ...                                              
                                                  
l.40 \end{titlepage}
                    
Your command was ignored.
Type  I <command> <return>  to replace it with another command,
or  <return>  to continue without it.

)
! Emergency stop.
<*> titlepage.tex
                 
*** (job aborted, no legal \end found)

 
Here is how much of TeX's memory you used:
 13 strings out of 493007
 243 string characters out of 6136720
 62819 words of memory out of 5000000
 4080 multiletter control sequences out of 15000+600000
 3656 words of font info for 16 fonts, out of 8000000 for 9000
 1348 hyphenation exceptions out of 8191
 14i,1n,8p,96b,122s stack positions out of 5000i,500n,10000p,200000b,80000s
No pages of output.
